<?xml version="1.0" encoding="UTF-8"?>
<testng-results ignored="0" total="1" passed="1" failed="0" skipped="0">
  <reporter-output>
  </reporter-output>
  <suite started-at="2023-11-27T15:48:40 IST" name="Default suite" finished-at="2023-11-27T15:48:42 IST" duration-ms="1943">
    <groups>
    </groups>
    <test started-at="2023-11-27T15:48:40 IST" name="Default test" finished-at="2023-11-27T15:48:42 IST" duration-ms="1943">
      <class name="com.api.ValidationOfBody">
        <test-method signature="m1()[pri:0, instance:com.api.ValidationOfBody@581ac8a8]" started-at="2023-11-27T15:48:40 IST" name="m1" finished-at="2023-11-27T15:48:42 IST" duration-ms="1884" status="PASS">
          <reporter-output>
          </reporter-output>
        </test-method> <!-- m1 -->
      </class> <!-- com.api.ValidationOfBody -->
    </test> <!-- Default test -->
  </suite> <!-- Default suite -->
</testng-results>
